line profiling: sample.interval=20000
#File 1: data_process.R
#File 2: hetmap2.R
"load" 1#1 "eval" "eval" "withVisible" "source" 2#41 "eval" "eval" "withVisible" "source" 
"load" 1#1 "eval" "eval" "withVisible" "source" 2#41 "eval" "eval" "withVisible" "source" 
"load" 1#1 "eval" "eval" "withVisible" "source" 2#41 "eval" "eval" "withVisible" "source" 
"load" 1#1 "eval" "eval" "withVisible" "source" 2#41 "eval" "eval" "withVisible" "source" 
"load" 1#1 "eval" "eval" "withVisible" "source" 2#41 "eval" "eval" "withVisible" "source" 
"load" 1#1 "eval" "eval" "withVisible" "source" 2#41 "eval" "eval" "withVisible" "source" 
"load" 1#2 "eval" "eval" "withVisible" "source" 2#41 "eval" "eval" "withVisible" "source" 
"type_of" "coerce_type" "rlang::as_function" "as_mapper.default" "as_mapper" "map" "map_if" "vars_select_eval" "tidyselect::vars_select" "select.data.frame" "select" "function_list[[k]]" "withVisible" "freduce" "_fseq" "eval" "eval" "withVisible" "%>%" 1#6 "eval" "eval" "withVisible" "source" 2#41 "eval" "eval" "withVisible" "source" 
"gsub" "gsub" ".stripWhite" "<Anonymous>" "mapply" "eval" "eval" "[.data.table" "[" "splitstackshape::cSplit" 1#9 "eval" "eval" "withVisible" "source" 2#41 "eval" "eval" "withVisible" "source" 
"strsplit" "FUN" "lapply" "splitstackshape::cSplit" 1#9 "eval" "eval" "withVisible" "source" 2#41 "eval" "eval" "withVisible" "source" 
"<Anonymous>" "rapply" "Reduce" "ifelse" "splitstackshape::cSplit" 1#9 "eval" "eval" "withVisible" "source" 2#41 "eval" "eval" "withVisible" "source" 
".deparseOpts" "deparse" "validate" ".shallow" "shallow" "[.data.table" "[" "splitstackshape::cSplit" 1#9 "eval" "eval" "withVisible" "source" 2#41 "eval" "eval" "withVisible" "source" 
"unique.default" "FUN" "lapply" "CJ" "eval" "eval" "doTryCatch" "tryCatchOne" "tryCatchList" "tryCatch" "[.data.table" 1#10 "[" 1#10 "eval" "eval" "withVisible" "source" 2#41 "eval" "eval" "withVisible" "source" 
"forderv" "[.data.table" 1#10 "[" 1#10 "eval" "eval" "withVisible" "source" 2#41 "eval" "eval" "withVisible" "source" 
"anyDuplicated.default" "anyDuplicated" "vecseq" "[.data.table" 1#10 "[" 1#10 "eval" "eval" "withVisible" "source" 2#41 "eval" "eval" "withVisible" "source" 
"getOption" "eval" "alloc.col" "[.data.table" 1#10 "[" 1#10 "eval" "eval" "withVisible" "source" 2#41 "eval" "eval" "withVisible" "source" 
"grep" 1#14 "eval" "eval" "withVisible" "source" 2#41 "eval" "eval" "withVisible" "source" 
"copy" "[<-.data.table" "$<-.data.table" 1#14 "$<-" 1#14 "eval" "eval" "withVisible" "source" 2#41 "eval" "eval" "withVisible" "source" 
#File 3: ~/Dropbox (BIU)/vdjbaseVis/R/internal_functions.R
".Call" "%fin%" "eval" "eval" "doTryCatch" "tryCatchOne" "tryCatchList" "tryCatch" "[.data.table" 3#38 "[" 3#38 "sortDFByGene" 1#24 "eval" "eval" "withVisible" "source" 2#41 "eval" "eval" "withVisible" "source" 
"gsub" 3#60 "sortDFByGene" 1#24 "eval" "eval" "withVisible" "source" 2#41 "eval" "eval" "withVisible" "source" 
"gsub" 3#60 "sortDFByGene" 1#24 "eval" "eval" "withVisible" "source" 2#41 "eval" "eval" "withVisible" "source" 
"gsub" 3#60 "sortDFByGene" 1#24 "eval" "eval" "withVisible" "source" 2#41 "eval" "eval" "withVisible" "source" 
"unique.default" "unique" 1#30 "eval" "eval" "withVisible" "source" 2#41 "eval" "eval" "withVisible" "source" 
"copy" "$<-.data.table" 1#32 "$<-" 1#32 "eval" "eval" "withVisible" "source" 2#41 "eval" "eval" "withVisible" "source" 
"levels" "bmerge" "[.data.table" 1#38 "[" 1#38 "eval" "eval" "withVisible" "source" 2#41 "eval" "eval" "withVisible" "source" 
"[[.data.frame" "[[" "[.data.table" 1#38 "[" 1#38 "eval" "eval" "withVisible" "source" 2#41 "eval" "eval" "withVisible" "source" 
"as.character" "as.character" "[.data.table" 1#41 "[" 1#41 "eval" "eval" "withVisible" "source" 2#41 "eval" "eval" "withVisible" "source" 
"seq.default" "seq" "[.data.table" 1#41 "[" 1#41 "eval" "eval" "withVisible" "source" 2#41 "eval" "eval" "withVisible" "source" 
"seq.default" "seq" "[.data.table" 1#41 "[" 1#41 "eval" "eval" "withVisible" "source" 2#41 "eval" "eval" "withVisible" "source" 
"seq" "[.data.table" 1#41 "[" 1#41 "eval" "eval" "withVisible" "source" 2#41 "eval" "eval" "withVisible" "source" 
"seq.default" "seq" "[.data.table" 1#41 "[" 1#41 "eval" "eval" "withVisible" "source" 2#41 "eval" "eval" "withVisible" "source" 
"[.data.table" 1#50 "[" 1#50 "eval" "eval" "withVisible" "source" 2#41 "eval" "eval" "withVisible" "source" 
"copy" "[<-.data.table" "$<-.data.table" 1#54 "$<-" 1#54 "eval" "eval" "withVisible" "source" 2#41 "eval" "eval" "withVisible" "source" 
"grepl" 1#57 "eval" "eval" "withVisible" "source" 2#41 "eval" "eval" "withVisible" "source" 
"copy" "$<-.data.table" 1#63 "$<-" 1#63 "eval" "eval" "withVisible" "source" 2#41 "eval" "eval" "withVisible" "source" 
"strsplit" 3#112 "FUN" "lapply" "sapply" 3#110 "allelePalette" 1#67 "eval" "eval" "withVisible" "source" 2#41 "eval" "eval" "withVisible" "source" 
"forderv" "setorderv" 2#47 "eval" "eval" "withVisible" "source" 
"eval" "eval" "[.data.table" 2#53 "[" 2#53 "eval" "eval" "withVisible" "source" 
"forderv" "setorderv" 2#55 "eval" "eval" "withVisible" "source" 
"forderv" "[.data.table" 2#57 "[" 2#57 "eval" "eval" "withVisible" "source" 
"[.data.table" 2#57 "[" 2#57 "eval" "eval" "withVisible" "source" 
"[.data.table" 2#57 "[" 2#57 "eval" "eval" "withVisible" "source" 
"[.data.table" 2#57 "[" 2#57 "eval" "eval" "withVisible" "source" 
"forderv" "[.data.table" 2#58 "[" 2#58 "eval" "eval" "withVisible" "source" 
"[.data.table" 2#58 "[" 2#58 "eval" "eval" "withVisible" "source" 
"[.data.table" 2#58 "[" 2#58 "eval" "eval" "withVisible" "source" 
"[.data.table" 2#58 "[" 2#58 "eval" "eval" "withVisible" "source" 
"[.data.table" 2#58 "[" 2#58 "eval" "eval" "withVisible" "source" 
"[.data.table" 2#58 "[" 2#58 "eval" "eval" "withVisible" "source" 
"[.data.table" 2#58 "[" 2#58 "eval" "eval" "withVisible" "source" 
"[.data.table" 2#58 "[" 2#58 "eval" "eval" "withVisible" "source" 
"[.data.table" 2#58 "[" 2#58 "eval" "eval" "withVisible" "source" 
"[.data.table" 2#58 "[" 2#58 "eval" "eval" "withVisible" "source" 
"[.data.table" 2#58 "[" 2#58 "eval" "eval" "withVisible" "source" 
":" "[.data.table" 2#58 "[" 2#58 "eval" "eval" "withVisible" "source" 
":" "[.data.table" 2#58 "[" 2#58 "eval" "eval" "withVisible" "source" 
"[.data.table" 2#58 "[" 2#58 "eval" "eval" "withVisible" "source" 
"exists" "findCenvVar" "getInlineInfo" "isBaseVar" "FUN" "lapply" "unlist" "Filter" "findLocalsList" "funEnv" "make.functionContext" "cmpfun" "doTryCatch" "tryCatchOne" "tryCatchList" "tryCatch" "compiler:::tryCmpfun" 2#69 "next_divisor" 2#69 "eval" "eval" "withVisible" "source" 
"unlist" 2#72 "eval" "eval" "withVisible" "source" 
"unlist" "matrix" 2#74 "eval" "eval" "withVisible" "source" 
"substring" 3#267 "splitlines" 2#83 "eval" "eval" "withVisible" "source" 
"image.default" "image" 2#104 "eval" "eval" "withVisible" "source" 
".External.graphics" "image.default" "image" 2#104 "eval" "eval" "withVisible" "source" 
".External.graphics" "image.default" "image" 2#104 "eval" "eval" "withVisible" "source" 
".External.graphics" "image.default" "image" 2#104 "eval" "eval" "withVisible" "source" 
".External.graphics" "image.default" "image" 2#104 "eval" "eval" "withVisible" "source" 
".External.graphics" "image.default" "image" 2#104 "eval" "eval" "withVisible" "source" 
".External.graphics" "image.default" "image" 2#104 "eval" "eval" "withVisible" "source" 
".External.graphics" "image.default" "image" 2#104 "eval" "eval" "withVisible" "source" 
".External.graphics" "image.default" "image" 2#104 "eval" "eval" "withVisible" "source" 
".External.graphics" "image.default" "image" 2#104 "eval" "eval" "withVisible" "source" 
".External.graphics" "image.default" "image" 2#104 "eval" "eval" "withVisible" "source" 
".External.graphics" "image.default" "image" 2#104 "eval" "eval" "withVisible" "source" 
".External.graphics" "image.default" "image" 2#104 "eval" "eval" "withVisible" "source" 
".External.graphics" "image.default" "image" 2#104 "eval" "eval" "withVisible" "source" 
".External.graphics" "image.default" "image" 2#104 "eval" "eval" "withVisible" "source" 
".External.graphics" "image.default" "image" 2#104 "eval" "eval" "withVisible" "source" 
".External.graphics" "image.default" "image" 2#104 "eval" "eval" "withVisible" "source" 
".External.graphics" "image.default" "image" 2#104 "eval" "eval" "withVisible" "source" 
".External.graphics" "image.default" "image" 2#104 "eval" "eval" "withVisible" "source" 
".External.graphics" "image.default" "image" 2#104 "eval" "eval" "withVisible" "source" 
".External.graphics" "image.default" "image" 2#104 "eval" "eval" "withVisible" "source" 
".External.graphics" "image.default" "image" 2#104 "eval" "eval" "withVisible" "source" 
".External.graphics" "image.default" "image" 2#104 "eval" "eval" "withVisible" "source" 
".External.graphics" "image.default" "image" 2#104 "eval" "eval" "withVisible" "source" 
".External.graphics" "image.default" "image" 2#104 "eval" "eval" "withVisible" "source" 
".External.graphics" "image.default" "image" 2#104 "eval" "eval" "withVisible" "source" 
".External.graphics" "image.default" "image" 2#104 "eval" "eval" "withVisible" "source" 
".External.graphics" "image.default" "image" 2#104 "eval" "eval" "withVisible" "source" 
".External.graphics" "image.default" "image" 2#104 "eval" "eval" "withVisible" "source" 
".External.graphics" "image.default" "image" 2#104 "eval" "eval" "withVisible" "source" 
".External.graphics" "image.default" "image" 2#104 "eval" "eval" "withVisible" "source" 
".External.graphics" "image.default" "image" 2#104 "eval" "eval" "withVisible" "source" 
".External.graphics" "image.default" "image" 2#104 "eval" "eval" "withVisible" "source" 
".External.graphics" "image.default" "image" 2#104 "eval" "eval" "withVisible" "source" 
"axis" 2#107 "eval" "eval" "withVisible" "source" 
"axis" 2#108 "eval" "eval" "withVisible" "source" 
"prettyNum" "format.default" "format" "as.matrix.data.table" "as.matrix" "apply" 2#113 "eval" "eval" "withVisible" "source" 
"match.arg" "format.default" "format" "as.matrix.data.table" "as.matrix" "apply" 2#113 "eval" "eval" "withVisible" "source" 
"lapply" "unlist" "unique" "findLocalsList1" "FUN" "lapply" "unlist" "unique" "findLocalsList1" "FUN" "lapply" "unlist" "unique" "findLocalsList1" "FUN" "lapply" "unlist" "unique" "findLocalsList1" "FUN" "lapply" "unlist" "unique" "findLocalsList1" "FUN" "lapply" "unlist" "unique" "findLocalsList1" "findLocalsList" "funEnv" "make.functionContext" "cmpfun" "doTryCatch" "tryCatchOne" "tryCatchList" "tryCatch" "compiler:::tryCmpfun" 2#117 "draw_segment" 2#117 "FUN" "apply" 2#113 "eval" "eval" "withVisible" "source" 
"lapply" "unlist" "unique" "findLocalsList1" "FUN" "lapply" "unlist" "unique" "findLocalsList1" "FUN" "lapply" "unlist" "unique" "findLocalsList1" "FUN" "lapply" "unlist" "unique" "findLocalsList1" "FUN" "lapply" "unlist" "unique" "findLocalsList1" "findLocalsList" "funEnv" "make.functionContext" "cmpfun" "doTryCatch" "tryCatchOne" "tryCatchList" "tryCatch" "compiler:::tryCmpfun" 2#117 "draw_segment" 2#117 "FUN" "apply" 2#113 "eval" "eval" "withVisible" "source" 
"packFrameName" "getInlineInfo" "tryInline" "cmpCall" "cmp" "cmpPrim2" "h" "tryInline" "cmpCall" "cmp" "cmpBuiltinArgs" "h" "tryInline" "cmpCall" "cmp" "genCode" "cb$putconst" "cmpCallArgs" "cmpCallSymFun" "cmpCall" "cmp" "h" "tryInline" "cmpCall" "cmp" "genCode" "cmpfun" "doTryCatch" "tryCatchOne" "tryCatchList" "tryCatch" "compiler:::tryCmpfun" 2#117 "draw_segment" 2#117 "FUN" "apply" 2#113 "eval" "eval" "withVisible" "source" 
"constantFoldSym" "constantFold" "cmp" "cmpPrim2" "h" "tryInline" "cmpCall" "cmp" "cmpBuiltinArgs" "h" "tryInline" "cmpCall" "cmp" "genCode" "cb$putconst" "cmpCallArgs" "cmpCallSymFun" "cmpCall" "cmp" "h" "tryInline" "cmpCall" "cmp" "genCode" "cmpfun" "doTryCatch" "tryCatchOne" "tryCatchList" "tryCatch" "compiler:::tryCmpfun" 2#117 "draw_segment" 2#117 "FUN" "apply" 2#113 "eval" "eval" "withVisible" "source" 
"findCenvVar" "getInlineInfo" "tryInline" "cmpCall" "cmp" "cmpSymbolAssign" "h" "tryInline" "cmpCall" "cmp" "h" "tryInline" "cmpCall" "cmp" "genCode" "cmpfun" "doTryCatch" "tryCatchOne" "tryCatchList" "tryCatch" "compiler:::tryCmpfun" "FUN" "apply" 2#113 "eval" "eval" "withVisible" "source" 
"plot.xy" "points.default" "points" 2#32 "draw_segment" 2#117 "FUN" "apply" 2#113 "eval" "eval" "withVisible" "source" 
"unlist" "par" "plot.xy" "points.default" "points" 2#36 "draw_segment" 2#117 "FUN" "apply" 2#113 "eval" "eval" "withVisible" "source" 
"plot.xy" "points.default" "points" 2#34 "draw_segment" 2#117 "FUN" "apply" 2#113 "eval" "eval" "withVisible" "source" 
"plot.xy" "points.default" "points" 2#24 "draw_segment" 2#117 "FUN" "apply" 2#113 "eval" "eval" "withVisible" "source" 
"plot.xy" "points.default" "points" 2#34 "draw_segment" 2#117 "FUN" "apply" 2#113 "eval" "eval" "withVisible" "source" 
"lapply" "unlist" "par" "plot.xy" "points.default" "points" 2#36 "draw_segment" 2#117 "FUN" "apply" 2#113 "eval" "eval" "withVisible" "source" 
"points" 2#30 "draw_segment" 2#117 "FUN" "apply" 2#113 "eval" "eval" "withVisible" "source" 
"unlist" "par" "plot.xy" "points.default" "points" 2#36 "draw_segment" 2#117 "FUN" "apply" 2#113 "eval" "eval" "withVisible" "source" 
"points" 2#24 "draw_segment" 2#117 "FUN" "apply" 2#113 "eval" "eval" "withVisible" "source" 
".External2" "par" "plot.xy" "points.default" "points" 2#36 "draw_segment" 2#117 "FUN" "apply" 2#113 "eval" "eval" "withVisible" "source" 
"points" 2#26 "draw_segment" 2#117 "FUN" "apply" 2#113 "eval" "eval" "withVisible" "source" 
"length" "xy.coords" "plot.xy" "points.default" "points" 2#32 "draw_segment" 2#117 "FUN" "apply" 2#113 "eval" "eval" "withVisible" "source" 
"points" 2#32 "draw_segment" 2#117 "FUN" "apply" 2#113 "eval" "eval" "withVisible" "source" 
"plot.xy" "points.default" "points" 2#34 "draw_segment" 2#117 "FUN" "apply" 2#113 "eval" "eval" "withVisible" "source" 
"par" "plot.xy" "points.default" "points" 2#30 "draw_segment" 2#117 "FUN" "apply" 2#113 "eval" "eval" "withVisible" "source" 
".External2" "par" "plot.xy" "points.default" "points" 2#34 "draw_segment" 2#117 "FUN" "apply" 2#113 "eval" "eval" "withVisible" "source" 
"par" "plot.xy" "points.default" "points" 2#34 "draw_segment" 2#117 "FUN" "apply" 2#113 "eval" "eval" "withVisible" "source" 
"plot.xy" "points.default" "points" 2#26 "draw_segment" 2#117 "FUN" "apply" 2#113 "eval" "eval" "withVisible" "source" 
"c" 2#34 "points" 2#34 "draw_segment" 2#117 "FUN" "apply" 2#113 "eval" "eval" "withVisible" "source" 
".External2" "par" "plot.xy" "points.default" "points" 2#30 "draw_segment" 2#117 "FUN" "apply" 2#113 "eval" "eval" "withVisible" "source" 
2#30 "points" 2#30 "draw_segment" 2#117 "FUN" "apply" 2#113 "eval" "eval" "withVisible" "source" 
"xy.coords" "plot.xy" "points.default" "points" 2#28 "draw_segment" 2#117 "FUN" "apply" 2#113 "eval" "eval" "withVisible" "source" 
"par" "plot.xy" "points.default" "points" 2#28 "draw_segment" 2#117 "FUN" "apply" 2#113 "eval" "eval" "withVisible" "source" 
"plot.xy" "points.default" "points" 2#28 "draw_segment" 2#117 "FUN" "apply" 2#113 "eval" "eval" "withVisible" "source" 
2#116 "FUN" "apply" 2#113 "eval" "eval" "withVisible" "source" 
"par" "plot.xy" "points.default" "points" 2#28 "draw_segment" 2#117 "FUN" "apply" 2#113 "eval" "eval" "withVisible" "source" 
2#28 "draw_segment" 2#117 "FUN" "apply" 2#113 "eval" "eval" "withVisible" "source" 
"as.list" "par" "plot.xy" "points.default" "points" 2#34 "draw_segment" 2#117 "FUN" "apply" 2#113 "eval" "eval" "withVisible" "source" 
"unlist" "par" "plot.xy" "points.default" "points" 2#26 "draw_segment" 2#117 "FUN" "apply" 2#113 "eval" "eval" "withVisible" "source" 
"points" 2#34 "draw_segment" 2#117 "FUN" "apply" 2#113 "eval" "eval" "withVisible" "source" 
"unlist" "par" "plot.xy" "points.default" "points" 2#34 "draw_segment" 2#117 "FUN" "apply" 2#113 "eval" "eval" "withVisible" "source" 
"par" "plot.xy" "points.default" "points" 2#24 "draw_segment" 2#117 "FUN" "apply" 2#113 "eval" "eval" "withVisible" "source" 
"grep" 2#120 "eval" "eval" "withVisible" "source" 
"prettyNum" "format.default" "format" "as.matrix.data.table" "as.matrix" "apply" 2#124 "eval" "eval" "withVisible" "source" 
"prettyNum" "format.default" "format" "as.matrix.data.table" "as.matrix" "apply" 2#124 "eval" "eval" "withVisible" "source" 
"unlist" "as.matrix.data.table" "as.matrix" "apply" 2#124 "eval" "eval" "withVisible" "source" 
"text.default" "text" 2#17 "Write_text" 2#131 "FUN" "apply" 2#124 "eval" "eval" "withVisible" "source" 
"text.default" "text" 2#17 "Write_text" 2#131 "FUN" "apply" 2#124 "eval" "eval" "withVisible" "source" 
"text.default" "text" 2#17 "Write_text" 2#131 "FUN" "apply" 2#124 "eval" "eval" "withVisible" "source" 
"which" 2#126 "FUN" "apply" 2#124 "eval" "eval" "withVisible" "source" 
"text" 2#17 "Write_text" 2#131 "FUN" "apply" 2#124 "eval" "eval" "withVisible" "source" 
"text.default" "text" 2#17 "Write_text" 2#131 "FUN" "apply" 2#124 "eval" "eval" "withVisible" "source" 
2#126 "which" 2#126 "FUN" "apply" 2#124 "eval" "eval" "withVisible" "source" 
"text.default" "text" 2#17 "Write_text" 2#131 "FUN" "apply" 2#124 "eval" "eval" "withVisible" "source" 
"text" 2#17 "Write_text" 2#131 "FUN" "apply" 2#124 "eval" "eval" "withVisible" "source" 
"text.default" "text" 2#17 "Write_text" 2#131 "FUN" "apply" 2#124 "eval" "eval" "withVisible" "source" 
"exists" "findCenvVar" "getInlineInfo" "isBaseVar" "getFoldFun" "constantFoldCall" "constantFold" "constantFoldCall" "constantFold" "cmp" "cmpPrim2" "h" "tryInline" "cmpCall" "cmp" "cmpSymbolAssign" "h" "tryInline" "cmpCall" "cmp" "h" "tryInline" "cmpCall" "cmp" "genCode" "cmpfun" "doTryCatch" "tryCatchOne" "tryCatchList" "tryCatch" "compiler:::tryCmpfun" "FUN" "lapply" "tapply" 2#139 "eval" "eval" "withVisible" "source" 
"dots.or.missing" "cmpPrim2" "h" "tryInline" "cmpCall" "cmp" "h" "tryInline" "cmpCall" "cmp" "cmpPrim2" "h" "tryInline" "cmpCall" "cmp" "cmpPrim2" "h" "tryInline" "cmpCall" "cmp" "genCode" "cb$putconst" "cmpCallArgs" "cmpCallSymFun" "cmpCall" "cmp" "cmpSymbolAssign" "h" "tryInline" "cmpCall" "cmp" "h" "tryInline" "cmpCall" "cmp" "genCode" "cmpfun" "doTryCatch" "tryCatchOne" "tryCatchList" "tryCatch" "compiler:::tryCmpfun" "FUN" "lapply" "tapply" 2#139 "eval" "eval" "withVisible" "source" 
2#140 "which" 2#140 "FUN" "lapply" "tapply" 2#139 "eval" "eval" "withVisible" "source" 
"par" "textplot.character" "gplots::textplot" 2#155 "eval" "eval" "withVisible" "source" 
"FUN" "lapply" "sapply" "textplot.character" "gplots::textplot" 2#155 "eval" "eval" "withVisible" "source" 
"FUN" "lapply" "sapply" "textplot.character" "gplots::textplot" 2#155 "eval" "eval" "withVisible" "source" 
".External" "dev.off" 2#157 "eval" "eval" "withVisible" "source" 
".External" "dev.off" 2#157 "eval" "eval" "withVisible" "source" 
".External" "dev.off" 2#157 "eval" "eval" "withVisible" "source" 
".External" "dev.off" 2#157 "eval" "eval" "withVisible" "source" 
".External" "dev.off" 2#157 "eval" "eval" "withVisible" "source" 
".External" "dev.off" 2#157 "eval" "eval" "withVisible" "source" 
".External" "dev.off" 2#157 "eval" "eval" "withVisible" "source" 
".External" "dev.off" 2#157 "eval" "eval" "withVisible" "source" 
".External" "dev.off" 2#157 "eval" "eval" "withVisible" "source" 
".External" "dev.off" 2#157 "eval" "eval" "withVisible" "source" 
".External" "dev.off" 2#157 "eval" "eval" "withVisible" "source" 
".External" "dev.off" 2#157 "eval" "eval" "withVisible" "source" 
".External" "dev.off" 2#157 "eval" "eval" "withVisible" "source" 
".External" "dev.off" 2#157 "eval" "eval" "withVisible" "source" 
".External" "dev.off" 2#157 "eval" "eval" "withVisible" "source" 
".External" "dev.off" 2#157 "eval" "eval" "withVisible" "source" 
"system" "withCallingHandlers" "suppressWarnings" "Sys.which" "tools::find_gs_cmd" "embedFonts" 2#158 "eval" "eval" "withVisible" "source" 
"system" "withCallingHandlers" "suppressWarnings" "Sys.which" "tools::find_gs_cmd" "embedFonts" 2#158 "eval" "eval" "withVisible" "source" 
"system" "check_gs_type" "embedFonts" 2#158 "eval" "eval" "withVisible" "source" 
"system2" "embedFonts" 2#158 "eval" "eval" "withVisible" "source" 
