sample.interval=20000
"print.default" "print" "print.data.frame" "print" "standardGeneric" "print" 
"system" "withCallingHandlers" "suppressWarnings" "sourceCpp" "Rcpp::cppFunction" 
"system" "withCallingHandlers" "suppressWarnings" "sourceCpp" "Rcpp::cppFunction" 
"unique" "find.package" ".buildClinkCppFlags" ".setupBuildEnvironment" "sourceCpp" "Rcpp::cppFunction" 
"c" "%in%" "deparse" "mode" "%in%" "deparse" "FUN" "lapply" ".rs.recordTraceback" "<Anonymous>" "stop" "sourceCpp" "Rcpp::cppFunction" 
"system" "withCallingHandlers" "suppressWarnings" "sourceCpp" "Rcpp::cppFunction" 
"system" "withCallingHandlers" "suppressWarnings" "sourceCpp" "Rcpp::cppFunction" 
"system" "withCallingHandlers" "suppressWarnings" "sourceCpp" "Rcpp::cppFunction" 
"system" "withCallingHandlers" "suppressWarnings" "sourceCpp" "Rcpp::cppFunction" 
"system" "withCallingHandlers" "suppressWarnings" "sourceCpp" "Rcpp::cppFunction" 
"system" "withCallingHandlers" "suppressWarnings" "sourceCpp" "Rcpp::cppFunction" 
"system" "withCallingHandlers" "suppressWarnings" "sourceCpp" "Rcpp::cppFunction" 
"system" "withCallingHandlers" "suppressWarnings" "sourceCpp" "Rcpp::cppFunction" 
"system" "withCallingHandlers" "suppressWarnings" "sourceCpp" "Rcpp::cppFunction" 
"system" "withCallingHandlers" "suppressWarnings" "sourceCpp" "Rcpp::cppFunction" 
"system" "withCallingHandlers" "suppressWarnings" "sourceCpp" "Rcpp::cppFunction" 
"FUN" "lapply" "unlist" "format.numeric_version" "format" "as.character.numeric_version" "as.character" "as.character" "paste" "file.path" ".sourceCppPlatformCacheDir" "sourceCpp" "Rcpp::cppFunction" 
"system" "withCallingHandlers" "suppressWarnings" "sourceCpp" "Rcpp::cppFunction" 
"system" "withCallingHandlers" "suppressWarnings" "sourceCpp" "Rcpp::cppFunction" 
"system" "withCallingHandlers" "suppressWarnings" "sourceCpp" "Rcpp::cppFunction" 
"system" "withCallingHandlers" "suppressWarnings" "sourceCpp" "Rcpp::cppFunction" 
"system" "withCallingHandlers" "suppressWarnings" "sourceCpp" "Rcpp::cppFunction" 
"system" "withCallingHandlers" "suppressWarnings" "sourceCpp" "Rcpp::cppFunction" 
"system" "withCallingHandlers" "suppressWarnings" "sourceCpp" "Rcpp::cppFunction" 
"system" "withCallingHandlers" "suppressWarnings" "sourceCpp" "Rcpp::cppFunction" 
"remove" "sourceCpp" "Rcpp::cppFunction" 
".deparseOpts" "deparse" ".rs.isSourceCall" "FUN" "lapply" ".rs.recordTraceback" "<Anonymous>" ".Call" "f" "Reduce" "intersection_4_rcpp" 
"getInlineInfo" "isBaseVar" "FUN" "lapply" "unlist" "Filter" "findLocalsList" "funEnv" "make.functionContext" "cmpfun" "doTryCatch" "tryCatchOne" "tryCatchList" "tryCatch" "compiler:::tryCmpfun" "intersection_rcpp_core" 
"system" "withCallingHandlers" "suppressWarnings" "sourceCpp" "Rcpp::cppFunction" 
"system" "withCallingHandlers" "suppressWarnings" "sourceCpp" "Rcpp::cppFunction" 
"system" "withCallingHandlers" "suppressWarnings" "sourceCpp" "Rcpp::cppFunction" 
"system" "withCallingHandlers" "suppressWarnings" "sourceCpp" "Rcpp::cppFunction" 
"system" "withCallingHandlers" "suppressWarnings" "sourceCpp" "Rcpp::cppFunction" 
"system" "withCallingHandlers" "suppressWarnings" "sourceCpp" "Rcpp::cppFunction" 
"system" "withCallingHandlers" "suppressWarnings" "sourceCpp" "Rcpp::cppFunction" 
"system" "withCallingHandlers" "suppressWarnings" "sourceCpp" "Rcpp::cppFunction" 
"system" "withCallingHandlers" "suppressWarnings" "sourceCpp" "Rcpp::cppFunction" 
"system" "withCallingHandlers" "suppressWarnings" "sourceCpp" "Rcpp::cppFunction" 
"system" "withCallingHandlers" "suppressWarnings" "sourceCpp" "Rcpp::cppFunction" 
"system" "withCallingHandlers" "suppressWarnings" "sourceCpp" "Rcpp::cppFunction" 
"system" "withCallingHandlers" "suppressWarnings" "sourceCpp" "Rcpp::cppFunction" 
"system" "withCallingHandlers" "suppressWarnings" "sourceCpp" "Rcpp::cppFunction" 
"system" "withCallingHandlers" "suppressWarnings" "sourceCpp" "Rcpp::cppFunction" 
"system" "withCallingHandlers" "suppressWarnings" "sourceCpp" "Rcpp::cppFunction" 
"system" "withCallingHandlers" "suppressWarnings" "sourceCpp" "Rcpp::cppFunction" 
"system" "withCallingHandlers" "suppressWarnings" "sourceCpp" "Rcpp::cppFunction" 
"system" "withCallingHandlers" "suppressWarnings" "sourceCpp" "Rcpp::cppFunction" 
"system" "withCallingHandlers" "suppressWarnings" "sourceCpp" "Rcpp::cppFunction" 
"system" "withCallingHandlers" "suppressWarnings" "sourceCpp" "Rcpp::cppFunction" 
"system" "withCallingHandlers" "suppressWarnings" "sourceCpp" "Rcpp::cppFunction" 
"system" "withCallingHandlers" "suppressWarnings" "sourceCpp" "Rcpp::cppFunction" 
"system" "withCallingHandlers" "suppressWarnings" "sourceCpp" "Rcpp::cppFunction" 
"system" "withCallingHandlers" "suppressWarnings" "sourceCpp" "Rcpp::cppFunction" 
"system" "withCallingHandlers" "suppressWarnings" "sourceCpp" "Rcpp::cppFunction" 
"system" "withCallingHandlers" "suppressWarnings" "sourceCpp" "Rcpp::cppFunction" 
"system" "withCallingHandlers" "suppressWarnings" "sourceCpp" "Rcpp::cppFunction" 
".rs.scalar" ".rs.lineDataList" "FUN" "lapply" ".rs.recordTraceback" "<Anonymous>" "stop" "sourceCpp" "Rcpp::cppFunction" 
".rs.scalar" ".rs.lineDataList" "FUN" "lapply" ".rs.recordTraceback" "<Anonymous>" "stop" "sourceCpp" "Rcpp::cppFunction" 
".rs.scalar" ".rs.lineDataList" "FUN" "lapply" ".rs.recordTraceback" "<Anonymous>" "stop" "sourceCpp" "Rcpp::cppFunction" 
".rs.scalar" ".rs.lineDataList" "FUN" "lapply" ".rs.recordTraceback" "<Anonymous>" "stop" "sourceCpp" "Rcpp::cppFunction" 
".rs.scalar" ".rs.lineDataList" "FUN" "lapply" ".rs.recordTraceback" "<Anonymous>" "stop" "sourceCpp" "Rcpp::cppFunction" 
".rs.scalar" ".rs.lineDataList" "FUN" "lapply" ".rs.recordTraceback" "<Anonymous>" "stop" "sourceCpp" "Rcpp::cppFunction" 
".rs.scalar" ".rs.lineDataList" "FUN" "lapply" ".rs.recordTraceback" "<Anonymous>" "stop" "sourceCpp" "Rcpp::cppFunction" 
".rs.scalar" ".rs.lineDataList" "FUN" "lapply" ".rs.recordTraceback" "<Anonymous>" "stop" "sourceCpp" "Rcpp::cppFunction" 
".rs.scalar" ".rs.lineDataList" "FUN" "lapply" ".rs.recordTraceback" "<Anonymous>" "stop" "sourceCpp" "Rcpp::cppFunction" 
".rs.scalar" ".rs.lineDataList" "FUN" "lapply" ".rs.recordTraceback" "<Anonymous>" "stop" "sourceCpp" "Rcpp::cppFunction" 
".rs.scalar" ".rs.lineDataList" "FUN" "lapply" ".rs.recordTraceback" "<Anonymous>" "stop" "sourceCpp" "Rcpp::cppFunction" 
".rs.scalar" ".rs.lineDataList" "FUN" "lapply" ".rs.recordTraceback" "<Anonymous>" "stop" "sourceCpp" "Rcpp::cppFunction" 
".rs.scalar" ".rs.lineDataList" "FUN" "lapply" ".rs.recordTraceback" "<Anonymous>" "stop" "sourceCpp" "Rcpp::cppFunction" 
"doTryCatch" "tryCatchOne" "tryCatchList" "tryCatch" ".Call" "sourceCpp" "Rcpp::cppFunction" 
"system" "withCallingHandlers" "suppressWarnings" "sourceCpp" "Rcpp::cppFunction" 
"system" "withCallingHandlers" "suppressWarnings" "sourceCpp" "Rcpp::cppFunction" 
"system" "withCallingHandlers" "suppressWarnings" "sourceCpp" "Rcpp::cppFunction" 
"system" "withCallingHandlers" "suppressWarnings" "sourceCpp" "Rcpp::cppFunction" 
"system" "withCallingHandlers" "suppressWarnings" "sourceCpp" "Rcpp::cppFunction" 
"system" "withCallingHandlers" "suppressWarnings" "sourceCpp" "Rcpp::cppFunction" 
"system" "withCallingHandlers" "suppressWarnings" "sourceCpp" "Rcpp::cppFunction" 
"save" ".sourceCppDynlibWriteCache" "<Anonymous>" "evalq" "evalq" "doTryCatch" "tryCatchOne" "tryCatchList" "doTryCatch" "tryCatchOne" "tryCatchList" "tryCatch" ".Call" "sourceCpp" "Rcpp::cppFunction" 
"system" "withCallingHandlers" "suppressWarnings" "sourceCpp" "Rcpp::cppFunction" 
"system" "withCallingHandlers" "suppressWarnings" "sourceCpp" "Rcpp::cppFunction" 
"system" "withCallingHandlers" "suppressWarnings" "sourceCpp" "Rcpp::cppFunction" 
"system" "withCallingHandlers" "suppressWarnings" "sourceCpp" "Rcpp::cppFunction" 
"ls" "FUN" "lapply" ".rs.objectsOnSearchPath" ".rs.getCompletionsSearchPath" "Reduce" "<Anonymous>" 
"ls" "FUN" "lapply" ".rs.objectsOnSearchPath" ".rs.getCompletionsSearchPath" "Reduce" "<Anonymous>" 
"ls" "FUN" "lapply" ".rs.objectsOnSearchPath" ".rs.getCompletionsSearchPath" "Reduce" "<Anonymous>" 
"<Anonymous>" 
"objects" ".rs.getHelpFromObject" ".rs.getHelpFunction" "<Anonymous>" 
"mget" "doTryCatch" "tryCatchOne" "tryCatchList" "tryCatch" ".rs.getHelpFromObject" ".rs.getHelpFunction" "<Anonymous>" 
"sapply" "apply" "setDynamicFlags" "prepare_Rd" "Rd2HTML" "tools:::httpd" "withCallingHandlers" "suppressWarnings" ".rs.getHelp" ".rs.getHelpFromObject" ".rs.getHelpFunction" "<Anonymous>" 
"ls" "FUN" "lapply" ".rs.objectsOnSearchPath" ".rs.getCompletionsSearchPath" "Reduce" "<Anonymous>" 
"ls" "FUN" "lapply" ".rs.objectsOnSearchPath" ".rs.getCompletionsSearchPath" "Reduce" "<Anonymous>" 
"nchar" ".rs.startsWith" ".rs.fuzzyMatches" ".rs.getCompletionsNAMESPACE" "Reduce" "<Anonymous>" 
"readRDS" "tools:::httpd" "withCallingHandlers" "suppressWarnings" ".rs.getHelp" ".rs.getHelpFunction" "<Anonymous>" 
"lazyLoadDBfetch" "fetch" "fun" "lazyLoadDBexec" "tools:::fetchRdDB" "utils:::.getHelpFile" "prepare_Rd" "Rd2HTML" "tools:::httpd" "withCallingHandlers" "suppressWarnings" ".rs.getHelp" ".rs.getHelpFunction" "<Anonymous>" 
"writeLines" "writeLinesUTF8" "of1" "writeBlock" "writeContent" "writeContent" "writeSection" "Rd2HTML" "tools:::httpd" "withCallingHandlers" "suppressWarnings" ".rs.getHelp" ".rs.getHelpFunction" "<Anonymous>" 
"psub" "addParaBreaks" "writeLines" "writeLinesUTF8" "of1" "writeBlock" "writeContent" "writeSection" "Rd2HTML" "tools:::httpd" "withCallingHandlers" "suppressWarnings" ".rs.getHelp" ".rs.getHelpFunction" "<Anonymous>" 
"writeLines" "writeLinesUTF8" "of0" "writeWrapped" "writeBlock" "writeContent" "writeSection" "Rd2HTML" "tools:::httpd" "withCallingHandlers" "suppressWarnings" ".rs.getHelp" ".rs.getHelpFunction" "<Anonymous>" 
"match.arg" "trimws" "testRdConditional" "writeBlock" "writeContent" "writeSection" "Rd2HTML" "tools:::httpd" "withCallingHandlers" "suppressWarnings" ".rs.getHelp" ".rs.getHelpFunction" "<Anonymous>" 
"close" "capture.output" ".rs.getSignature" "<Anonymous>" 
"download.file" "doTryCatch" "tryCatchOne" "tryCatchList" "tryCatch" "available.packages" ".rs.loadedPackageUpdates" "f" "doTryCatch" "tryCatchOne" "tryCatchList" "tryCatch" "withCallingHandlers" ".rs.callAs" "install.packages" 
"gzfile" "readRDS" "doTryCatch" "tryCatchOne" "tryCatchList" "tryCatch" "available.packages" ".rs.loadedPackageUpdates" "f" "doTryCatch" "tryCatchOne" "tryCatchList" "tryCatch" "withCallingHandlers" ".rs.callAs" "install.packages" 
"readRDS" "doTryCatch" "tryCatchOne" "tryCatchList" "tryCatch" "available.packages" ".rs.loadedPackageUpdates" "f" "doTryCatch" "tryCatchOne" "tryCatchList" "tryCatch" "withCallingHandlers" ".rs.callAs" "install.packages" 
"readRDS" "doTryCatch" "tryCatchOne" "tryCatchList" "tryCatch" "available.packages" ".rs.loadedPackageUpdates" "f" "doTryCatch" "tryCatchOne" "tryCatchList" "tryCatch" "withCallingHandlers" ".rs.callAs" "install.packages" 
"readRDS" "doTryCatch" "tryCatchOne" "tryCatchList" "tryCatch" "available.packages" ".rs.loadedPackageUpdates" "f" "doTryCatch" "tryCatchOne" "tryCatchList" "tryCatch" "withCallingHandlers" ".rs.callAs" "install.packages" 
"readRDS" "doTryCatch" "tryCatchOne" "tryCatchList" "tryCatch" "available.packages" ".rs.loadedPackageUpdates" "f" "doTryCatch" "tryCatchOne" "tryCatchList" "tryCatch" "withCallingHandlers" ".rs.callAs" "install.packages" 
"readRDS" "doTryCatch" "tryCatchOne" "tryCatchList" "tryCatch" "available.packages" ".rs.loadedPackageUpdates" "f" "doTryCatch" "tryCatchOne" "tryCatchList" "tryCatch" "withCallingHandlers" ".rs.callAs" "install.packages" 
"readRDS" "doTryCatch" "tryCatchOne" "tryCatchList" "tryCatch" "available.packages" ".rs.loadedPackageUpdates" "f" "doTryCatch" "tryCatchOne" "tryCatchList" "tryCatch" "withCallingHandlers" ".rs.callAs" "install.packages" 
"readRDS" "doTryCatch" "tryCatchOne" "tryCatchList" "tryCatch" "available.packages" ".rs.loadedPackageUpdates" "f" "doTryCatch" "tryCatchOne" "tryCatchList" "tryCatch" "withCallingHandlers" ".rs.callAs" "install.packages" 
"sub" "strsplit" "lapply" "f" "available.packages" ".rs.loadedPackageUpdates" "f" "doTryCatch" "tryCatchOne" "tryCatchList" "tryCatch" "withCallingHandlers" ".rs.callAs" "install.packages" 
"strsplit" "lapply" "f" "available.packages" ".rs.loadedPackageUpdates" "f" "doTryCatch" "tryCatchOne" "tryCatchList" "tryCatch" "withCallingHandlers" ".rs.callAs" "install.packages" 
"grepl" "FUN" "lapply" "f" "available.packages" ".rs.loadedPackageUpdates" "f" "doTryCatch" "tryCatchOne" "tryCatchList" "tryCatch" "withCallingHandlers" ".rs.callAs" "install.packages" 
"grepl" "FUN" "lapply" "f" "available.packages" ".rs.loadedPackageUpdates" "f" "doTryCatch" "tryCatchOne" "tryCatchList" "tryCatch" "withCallingHandlers" ".rs.callAs" "install.packages" 
"grepl" "FUN" "lapply" "f" "available.packages" ".rs.loadedPackageUpdates" "f" "doTryCatch" "tryCatchOne" "tryCatchList" "tryCatch" "withCallingHandlers" ".rs.callAs" "install.packages" 
"FUN" "lapply" "f" "available.packages" ".rs.loadedPackageUpdates" "f" "doTryCatch" "tryCatchOne" "tryCatchList" "tryCatch" "withCallingHandlers" ".rs.callAs" "install.packages" 
"FUN" "lapply" "f" "available.packages" ".rs.loadedPackageUpdates" "f" "doTryCatch" "tryCatchOne" "tryCatchList" "tryCatch" "withCallingHandlers" ".rs.callAs" "install.packages" 
"grepl" "FUN" "lapply" "f" "available.packages" ".rs.loadedPackageUpdates" "f" "doTryCatch" "tryCatchOne" "tryCatchList" "tryCatch" "withCallingHandlers" ".rs.callAs" "install.packages" 
"sub" "f" "available.packages" ".rs.loadedPackageUpdates" "f" "doTryCatch" "tryCatchOne" "tryCatchList" "tryCatch" "withCallingHandlers" ".rs.callAs" "install.packages" 
"strsplit" "lapply" ".make_numeric_version" "numeric_version" "as.numeric_version" "Ops.numeric_version" ">=" "do.call" "f" "available.packages" ".rs.loadedPackageUpdates" "f" "doTryCatch" "tryCatchOne" "tryCatchList" "tryCatch" "withCallingHandlers" ".rs.callAs" "install.packages" 
"sprintf" "FUN" "lapply" ".encode_numeric_version" "split" "Ops.numeric_version" ">=" "do.call" "f" "available.packages" ".rs.loadedPackageUpdates" "f" "doTryCatch" "tryCatchOne" "tryCatchList" "tryCatch" "withCallingHandlers" ".rs.callAs" "install.packages" 
"unlist" ".encode_numeric_version" "split" "Ops.numeric_version" ">=" "do.call" "f" "available.packages" ".rs.loadedPackageUpdates" "f" "doTryCatch" "tryCatchOne" "tryCatchList" "tryCatch" "withCallingHandlers" ".rs.callAs" "install.packages" 
"paste0" "strlpad" "paste" "FUN" "vapply" ".encode_numeric_version" "split" "Ops.numeric_version" ">=" "do.call" "f" "available.packages" ".rs.loadedPackageUpdates" "f" "doTryCatch" "tryCatchOne" "tryCatchList" "tryCatch" "withCallingHandlers" ".rs.callAs" "install.packages" 
"strrep" "paste0" "strlpad" "paste" "FUN" "vapply" ".encode_numeric_version" "split" "Ops.numeric_version" ">=" "do.call" "f" "available.packages" ".rs.loadedPackageUpdates" "f" "doTryCatch" "tryCatchOne" "tryCatchList" "tryCatch" "withCallingHandlers" ".rs.callAs" "install.packages" 
"FUN" "vapply" ".encode_numeric_version" "split" "Ops.numeric_version" ">=" "do.call" "f" "available.packages" ".rs.loadedPackageUpdates" "f" "doTryCatch" "tryCatchOne" "tryCatchList" "tryCatch" "withCallingHandlers" ".rs.callAs" "install.packages" 
"vapply" ".encode_numeric_version" "split" "Ops.numeric_version" ">=" "do.call" "f" "available.packages" ".rs.loadedPackageUpdates" "f" "doTryCatch" "tryCatchOne" "tryCatchList" "tryCatch" "withCallingHandlers" ".rs.callAs" "install.packages" 
"FUN" "vapply" ".encode_numeric_version" "split" "Ops.numeric_version" ">=" "do.call" "f" "available.packages" ".rs.loadedPackageUpdates" "f" "doTryCatch" "tryCatchOne" "tryCatchList" "tryCatch" "withCallingHandlers" ".rs.callAs" "install.packages" 
"split.default" "split" "Ops.numeric_version" ">=" "do.call" "f" "available.packages" ".rs.loadedPackageUpdates" "f" "doTryCatch" "tryCatchOne" "tryCatchList" "tryCatch" "withCallingHandlers" ".rs.callAs" "install.packages" 
"f" "available.packages" ".rs.loadedPackageUpdates" "f" "doTryCatch" "tryCatchOne" "tryCatchList" "tryCatch" "withCallingHandlers" ".rs.callAs" "install.packages" 
"gzfile" "readRDS" "doTryCatch" "tryCatchOne" "tryCatchList" "tryCatch" "try" ".readPkgDesc" "installed.packages" "utils:::getDependencies" "withCallingHandlers" "suppressWarnings" "withCallingHandlers" "suppressMessages" ".rs.loadedPackageUpdates" "f" "doTryCatch" "tryCatchOne" "tryCatchList" "tryCatch" "withCallingHandlers" ".rs.callAs" "install.packages" 
"gzfile" "readRDS" "doTryCatch" "tryCatchOne" "tryCatchList" "tryCatch" "try" ".readPkgDesc" "installed.packages" "utils:::getDependencies" "withCallingHandlers" "suppressWarnings" "withCallingHandlers" "suppressMessages" ".rs.loadedPackageUpdates" "f" "doTryCatch" "tryCatchOne" "tryCatchList" "tryCatch" "withCallingHandlers" ".rs.callAs" "install.packages" 
"readRDS" "doTryCatch" "tryCatchOne" "tryCatchList" "tryCatch" "try" ".readPkgDesc" "installed.packages" "utils:::getDependencies" "withCallingHandlers" "suppressWarnings" "withCallingHandlers" "suppressMessages" ".rs.loadedPackageUpdates" "f" "doTryCatch" "tryCatchOne" "tryCatchList" "tryCatch" "withCallingHandlers" ".rs.callAs" "install.packages" 
"file.access" ".readPkgDesc" "installed.packages" "utils:::getDependencies" "withCallingHandlers" "suppressWarnings" "withCallingHandlers" "suppressMessages" ".rs.loadedPackageUpdates" "f" "doTryCatch" "tryCatchOne" "tryCatchList" "tryCatch" "withCallingHandlers" ".rs.callAs" "install.packages" 
"readRDS" "doTryCatch" "tryCatchOne" "tryCatchList" "tryCatch" "try" ".readPkgDesc" "installed.packages" "utils:::getDependencies" "withCallingHandlers" "suppressWarnings" "withCallingHandlers" "suppressMessages" ".rs.loadedPackageUpdates" "f" "doTryCatch" "tryCatchOne" "tryCatchList" "tryCatch" "withCallingHandlers" ".rs.callAs" "install.packages" 
"%in%" ".clean_up_dependencies2" "utils:::getDependencies" "withCallingHandlers" "suppressWarnings" "withCallingHandlers" "suppressMessages" ".rs.loadedPackageUpdates" "f" "doTryCatch" "tryCatchOne" "tryCatchList" "tryCatch" "withCallingHandlers" ".rs.callAs" "install.packages" 
"readRDS" "available.packages" "original" "f" "doTryCatch" "tryCatchOne" "tryCatchList" "tryCatch" "withCallingHandlers" ".rs.callAs" "install.packages" 
"readRDS" "available.packages" "original" "f" "doTryCatch" "tryCatchOne" "tryCatchList" "tryCatch" "withCallingHandlers" ".rs.callAs" "install.packages" 
"readRDS" "available.packages" "original" "f" "doTryCatch" "tryCatchOne" "tryCatchList" "tryCatch" "withCallingHandlers" ".rs.callAs" "install.packages" 
"readRDS" "available.packages" "original" "f" "doTryCatch" "tryCatchOne" "tryCatchList" "tryCatch" "withCallingHandlers" ".rs.callAs" "install.packages" 
"readRDS" "available.packages" "original" "f" "doTryCatch" "tryCatchOne" "tryCatchList" "tryCatch" "withCallingHandlers" ".rs.callAs" "install.packages" 
"lapply" "f" "available.packages" "original" "f" "doTryCatch" "tryCatchOne" "tryCatchList" "tryCatch" "withCallingHandlers" ".rs.callAs" "install.packages" 
"lapply" "f" "available.packages" "original" "f" "doTryCatch" "tryCatchOne" "tryCatchList" "tryCatch" "withCallingHandlers" ".rs.callAs" "install.packages" 
"lapply" "f" "available.packages" "original" "f" "doTryCatch" "tryCatchOne" "tryCatchList" "tryCatch" "withCallingHandlers" ".rs.callAs" "install.packages" 
"lapply" "f" "available.packages" "original" "f" "doTryCatch" "tryCatchOne" "tryCatchList" "tryCatch" "withCallingHandlers" ".rs.callAs" "install.packages" 
"lapply" "f" "available.packages" "original" "f" "doTryCatch" "tryCatchOne" "tryCatchList" "tryCatch" "withCallingHandlers" ".rs.callAs" "install.packages" 
"lapply" "f" "available.packages" "original" "f" "doTryCatch" "tryCatchOne" "tryCatchList" "tryCatch" "withCallingHandlers" ".rs.callAs" "install.packages" 
"lapply" "f" "available.packages" "original" "f" "doTryCatch" "tryCatchOne" "tryCatchList" "tryCatch" "withCallingHandlers" ".rs.callAs" "install.packages" 
"strsplit" "lapply" "f" "available.packages" "original" "f" "doTryCatch" "tryCatchOne" "tryCatchList" "tryCatch" "withCallingHandlers" ".rs.callAs" "install.packages" 
"strsplit" "lapply" "f" "available.packages" "original" "f" "doTryCatch" "tryCatchOne" "tryCatchList" "tryCatch" "withCallingHandlers" ".rs.callAs" "install.packages" 
"grepl" "FUN" "lapply" "f" "available.packages" "original" "f" "doTryCatch" "tryCatchOne" "tryCatchList" "tryCatch" "withCallingHandlers" ".rs.callAs" "install.packages" 
"FUN" "lapply" "f" "available.packages" "original" "f" "doTryCatch" "tryCatchOne" "tryCatchList" "tryCatch" "withCallingHandlers" ".rs.callAs" "install.packages" 
"FUN" "lapply" "f" "available.packages" "original" "f" "doTryCatch" "tryCatchOne" "tryCatchList" "tryCatch" "withCallingHandlers" ".rs.callAs" "install.packages" 
"grepl" "FUN" "lapply" "f" "available.packages" "original" "f" "doTryCatch" "tryCatchOne" "tryCatchList" "tryCatch" "withCallingHandlers" ".rs.callAs" "install.packages" 
"grepl" "FUN" "lapply" "f" "available.packages" "original" "f" "doTryCatch" "tryCatchOne" "tryCatchList" "tryCatch" "withCallingHandlers" ".rs.callAs" "install.packages" 
"grepl" "FUN" "lapply" "f" "available.packages" "original" "f" "doTryCatch" "tryCatchOne" "tryCatchList" "tryCatch" "withCallingHandlers" ".rs.callAs" "install.packages" 
"grepl" "FUN" "lapply" "f" "available.packages" "original" "f" "doTryCatch" "tryCatchOne" "tryCatchList" "tryCatch" "withCallingHandlers" ".rs.callAs" "install.packages" 
"sub" "f" "available.packages" "original" "f" "doTryCatch" "tryCatchOne" "tryCatchList" "tryCatch" "withCallingHandlers" ".rs.callAs" "install.packages" 
"lapply" ".make_numeric_version" "numeric_version" "as.numeric_version" "Ops.numeric_version" ">=" "do.call" "f" "available.packages" "original" "f" "doTryCatch" "tryCatchOne" "tryCatchList" "tryCatch" "withCallingHandlers" ".rs.callAs" "install.packages" 
"sprintf" "FUN" "lapply" ".encode_numeric_version" "split" "Ops.numeric_version" ">=" "do.call" "f" "available.packages" "original" "f" "doTryCatch" "tryCatchOne" "tryCatchList" "tryCatch" "withCallingHandlers" ".rs.callAs" "install.packages" 
".encode_numeric_version" "split" "Ops.numeric_version" ">=" "do.call" "f" "available.packages" "original" "f" "doTryCatch" "tryCatchOne" "tryCatchList" "tryCatch" "withCallingHandlers" ".rs.callAs" "install.packages" 
"strrep" "paste0" "strlpad" "paste" "FUN" "vapply" ".encode_numeric_version" "split" "Ops.numeric_version" ">=" "do.call" "f" "available.packages" "original" "f" "doTryCatch" "tryCatchOne" "tryCatchList" "tryCatch" "withCallingHandlers" ".rs.callAs" "install.packages" 
"vapply" ".encode_numeric_version" "split" "Ops.numeric_version" ">=" "do.call" "f" "available.packages" "original" "f" "doTryCatch" "tryCatchOne" "tryCatchList" "tryCatch" "withCallingHandlers" ".rs.callAs" "install.packages" 
"paste" "FUN" "vapply" ".encode_numeric_version" "split" "Ops.numeric_version" ">=" "do.call" "f" "available.packages" "original" "f" "doTryCatch" "tryCatchOne" "tryCatchList" "tryCatch" "withCallingHandlers" ".rs.callAs" "install.packages" 
"paste0" "strlpad" "paste" "FUN" "vapply" ".encode_numeric_version" "split" "Ops.numeric_version" ">=" "do.call" "f" "available.packages" "original" "f" "doTryCatch" "tryCatchOne" "tryCatchList" "tryCatch" "withCallingHandlers" ".rs.callAs" "install.packages" 
"strrep" "paste0" "strrpad" ".encode_numeric_version" "split" "Ops.numeric_version" ">=" "do.call" "f" "available.packages" "original" "f" "doTryCatch" "tryCatchOne" "tryCatchList" "tryCatch" "withCallingHandlers" ".rs.callAs" "install.packages" 
"lapply" "sapply" "f" "available.packages" "original" "f" "doTryCatch" "tryCatchOne" "tryCatchList" "tryCatch" "withCallingHandlers" ".rs.callAs" "install.packages" 
"download.file" "doTryCatch" "tryCatchOne" "tryCatchList" "tryCatch" "try" "download.packages" "original" "f" "doTryCatch" "tryCatchOne" "tryCatchList" "tryCatch" "withCallingHandlers" ".rs.callAs" "install.packages" 
"download.file" "doTryCatch" "tryCatchOne" "tryCatchList" "tryCatch" "try" "download.packages" "original" "f" "doTryCatch" "tryCatchOne" "tryCatchList" "tryCatch" "withCallingHandlers" ".rs.callAs" "install.packages" 
"download.file" "doTryCatch" "tryCatchOne" "tryCatchList" "tryCatch" "try" "download.packages" "original" "f" "doTryCatch" "tryCatchOne" "tryCatchList" "tryCatch" "withCallingHandlers" ".rs.callAs" "install.packages" 
"download.file" "doTryCatch" "tryCatchOne" "tryCatchList" "tryCatch" "try" "download.packages" "original" "f" "doTryCatch" "tryCatchOne" "tryCatchList" "tryCatch" "withCallingHandlers" ".rs.callAs" "install.packages" 
"download.file" "doTryCatch" "tryCatchOne" "tryCatchList" "tryCatch" "try" "download.packages" "original" "f" "doTryCatch" "tryCatchOne" "tryCatchList" "tryCatch" "withCallingHandlers" ".rs.callAs" "install.packages" 
"download.file" "doTryCatch" "tryCatchOne" "tryCatchList" "tryCatch" "try" "download.packages" "original" "f" "doTryCatch" "tryCatchOne" "tryCatchList" "tryCatch" "withCallingHandlers" ".rs.callAs" "install.packages" 
"download.file" "doTryCatch" "tryCatchOne" "tryCatchList" "tryCatch" "try" "download.packages" "original" "f" "doTryCatch" "tryCatchOne" "tryCatchList" "tryCatch" "withCallingHandlers" ".rs.callAs" "install.packages" 
"download.file" "doTryCatch" "tryCatchOne" "tryCatchList" "tryCatch" "try" "download.packages" "original" "f" "doTryCatch" "tryCatchOne" "tryCatchList" "tryCatch" "withCallingHandlers" ".rs.callAs" "install.packages" 
"system2" "original" "f" "doTryCatch" "tryCatchOne" "tryCatchList" "tryCatch" "withCallingHandlers" ".rs.callAs" "install.packages" 
"system2" "original" "f" "doTryCatch" "tryCatchOne" "tryCatchList" "tryCatch" "withCallingHandlers" ".rs.callAs" "install.packages" 
"system2" "original" "f" "doTryCatch" "tryCatchOne" "tryCatchList" "tryCatch" "withCallingHandlers" ".rs.callAs" "install.packages" 
"system2" "original" "f" "doTryCatch" "tryCatchOne" "tryCatchList" "tryCatch" "withCallingHandlers" ".rs.callAs" "install.packages" 
"system2" "original" "f" "doTryCatch" "tryCatchOne" "tryCatchList" "tryCatch" "withCallingHandlers" ".rs.callAs" "install.packages" 
"system2" "original" "f" "doTryCatch" "tryCatchOne" "tryCatchList" "tryCatch" "withCallingHandlers" ".rs.callAs" "install.packages" 
"system2" "original" "f" "doTryCatch" "tryCatchOne" "tryCatchList" "tryCatch" "withCallingHandlers" ".rs.callAs" "install.packages" 
"system2" "original" "f" "doTryCatch" "tryCatchOne" "tryCatchList" "tryCatch" "withCallingHandlers" ".rs.callAs" "install.packages" 
"system2" "original" "f" "doTryCatch" "tryCatchOne" "tryCatchList" "tryCatch" "withCallingHandlers" ".rs.callAs" "install.packages" 
"system2" "original" "f" "doTryCatch" "tryCatchOne" "tryCatchList" "tryCatch" "withCallingHandlers" ".rs.callAs" "install.packages" 
"system2" "original" "f" "doTryCatch" "tryCatchOne" "tryCatchList" "tryCatch" "withCallingHandlers" ".rs.callAs" "install.packages" 
"system2" "original" "f" "doTryCatch" "tryCatchOne" "tryCatchList" "tryCatch" "withCallingHandlers" ".rs.callAs" "install.packages" 
"system2" "original" "f" "doTryCatch" "tryCatchOne" "tryCatchList" "tryCatch" "withCallingHandlers" ".rs.callAs" "install.packages" 
"system2" "original" "f" "doTryCatch" "tryCatchOne" "tryCatchList" "tryCatch" "withCallingHandlers" ".rs.callAs" "install.packages" 
"system2" "original" "f" "doTryCatch" "tryCatchOne" "tryCatchList" "tryCatch" "withCallingHandlers" ".rs.callAs" "install.packages" 
"system2" "original" "f" "doTryCatch" "tryCatchOne" "tryCatchList" "tryCatch" "withCallingHandlers" ".rs.callAs" "install.packages" 
"system2" "original" "f" "doTryCatch" "tryCatchOne" "tryCatchList" "tryCatch" "withCallingHandlers" ".rs.callAs" "install.packages" 
"getInlineInfo" "isBaseVar" "mayCallBrowser" "mayCallBrowserList" "mayCallBrowser" "mayCallBrowserList" "mayCallBrowser" "cmpfun" "doTryCatch" "tryCatchOne" "tryCatchList" "tryCatch" "compiler:::tryCmpfun" ".rs.updatePackageEvents" "f" "doTryCatch" "tryCatchOne" "tryCatchList" "tryCatch" "withCallingHandlers" ".rs.callAs" "install.packages" 
".rs.updatePackageEvents" "f" "doTryCatch" "tryCatchOne" "tryCatchList" "tryCatch" "withCallingHandlers" ".rs.callAs" "install.packages" 
"lapply" "unlist" "unique" "findLocalsList1" "FUN" "lapply" "unlist" "unique" "findLocalsList1" "FUN" "lapply" "unlist" "unique" "findLocalsList1" "unique" "FUN" "lapply" "unlist" "unique" "findLocalsList1" "FUN" "lapply" "unlist" "unique" "findLocalsList1" "FUN" "lapply" "unlist" "unique" "findLocalsList1" "FUN" "lapply" "unlist" "unique" "findLocalsList1" "FUN" "lapply" "unlist" "unique" "findLocalsList1" "FUN" "lapply" "unlist" "unique" "findLocalsList1" "FUN" "lapply" "unlist" "unique" "findLocalsList1" "FUN" "lapply" "unlist" "unique" "findLocalsList1" "findLocalsList" "funEnv" "make.functionContext" "h" "tryInline" "cmpCall" "cmp" "cmpSymbolAssign" "h" "tryInline" "cmpCall" "cmp" "h" "tryInline" "cmpCall" "cmp" "genCode" "cmpfun" "doTryCatch" "tryCatchOne" "tryCatchList" "tryCatch" "compiler:::tryCmpfun" "<Anonymous>" ".Call" "f" "doTryCatch" "tryCatchOne" "tryCatchList" "tryCatch" "withCallingHandlers" ".rs.callAs" "install.packages" 
"cb$putcode" "h" "tryInline" "cmpCall" "cmp" "h" "tryInline" "cmpCall" "cmp" "h" "tryInline" "cmpCall" "cmp" "h" "tryInline" "cmpCall" "cmp" "h" "tryInline" "cmpCall" "cmp" "h" "tryInline" "cmpCall" "cmp" "h" "tryInline" "cmpCall" "cmp" "genCode" "h" "tryInline" "cmpCall" "cmp" "cmpSymbolAssign" "h" "tryInline" "cmpCall" "cmp" "h" "tryInline" "cmpCall" "cmp" "genCode" "cmpfun" "doTryCatch" "tryCatchOne" "tryCatchList" "tryCatch" "compiler:::tryCmpfun" "<Anonymous>" ".Call" "f" "doTryCatch" "tryCatchOne" "tryCatchList" "tryCatch" "withCallingHandlers" ".rs.callAs" "install.packages" 
"cb$putconst" "cmpSymbolAssign" "h" "tryInline" "cmpCall" "cmp" "h" "tryInline" "cmpCall" "cmp" "h" "tryInline" "cmpCall" "cmp" "h" "tryInline" "cmpCall" "cmp" "h" "tryInline" "cmpCall" "cmp" "h" "tryInline" "cmpCall" "cmp" "h" "tryInline" "cmpCall" "cmp" "h" "tryInline" "cmpCall" "cmp" "genCode" "h" "tryInline" "cmpCall" "cmp" "cmpSymbolAssign" "h" "tryInline" "cmpCall" "cmp" "h" "tryInline" "cmpCall" "cmp" "genCode" "cmpfun" "doTryCatch" "tryCatchOne" "tryCatchList" "tryCatch" "compiler:::tryCmpfun" "<Anonymous>" ".Call" "f" "doTryCatch" "tryCatchOne" "tryCatchList" "tryCatch" "withCallingHandlers" ".rs.callAs" "install.packages" 
"exists" "findCenvVar" "findLocVar" "cmpCall" "cmp" "cmpSymbolAssign" "h" "tryInline" "cmpCall" "cmp" "h" "tryInline" "cmpCall" "cmp" "genCode" "h" "tryInline" "cmpCall" "cmp" "cmpSymbolAssign" "h" "tryInline" "cmpCall" "cmp" "h" "tryInline" "cmpCall" "cmp" "genCode" "cmpfun" "doTryCatch" "tryCatchOne" "tryCatchList" "tryCatch" "compiler:::tryCmpfun" "<Anonymous>" ".Call" "f" "doTryCatch" "tryCatchOne" "tryCatchList" "tryCatch" "withCallingHandlers" ".rs.callAs" "install.packages" 
"gzfile" "readRDS" "withCallingHandlers" "doTryCatch" "tryCatchOne" "tryCatchList" "tryCatch" ".rs.tryCatch" "readPackageInfo" "doTryCatch" "tryCatchOne" "tryCatchList" "tryCatch" "FUN" "lapply" "<Anonymous>" ".Call" "f" "doTryCatch" "tryCatchOne" "tryCatchList" "tryCatch" "withCallingHandlers" ".rs.callAs" "install.packages" 
"close.connection" "close" "readRDS" "withCallingHandlers" "doTryCatch" "tryCatchOne" "tryCatchList" "tryCatch" ".rs.tryCatch" "readPackageInfo" "doTryCatch" "tryCatchOne" "tryCatchList" "tryCatch" "FUN" "lapply" "<Anonymous>" ".Call" "f" "doTryCatch" "tryCatchOne" "tryCatchList" "tryCatch" "withCallingHandlers" ".rs.callAs" "install.packages" 
"as.character" "readPackageInfo" "doTryCatch" "tryCatchOne" "tryCatchList" "tryCatch" "FUN" "lapply" "<Anonymous>" ".Call" "f" "doTryCatch" "tryCatchOne" "tryCatchList" "tryCatch" "withCallingHandlers" ".rs.callAs" "install.packages" 
"readRDS" "withCallingHandlers" "doTryCatch" "tryCatchOne" "tryCatchList" "tryCatch" ".rs.tryCatch" "readPackageInfo" "doTryCatch" "tryCatchOne" "tryCatchList" "tryCatch" "FUN" "lapply" "<Anonymous>" ".Call" "f" "doTryCatch" "tryCatchOne" "tryCatchList" "tryCatch" "withCallingHandlers" ".rs.callAs" "install.packages" 
".rs.tryCatch" "readPackageInfo" "doTryCatch" "tryCatchOne" "tryCatchList" "tryCatch" "FUN" "lapply" "<Anonymous>" ".Call" "f" "doTryCatch" "tryCatchOne" "tryCatchList" "tryCatch" "withCallingHandlers" ".rs.callAs" "install.packages" 
"lapply" "<Anonymous>" ".Call" "f" "doTryCatch" "tryCatchOne" "tryCatchList" "tryCatch" "withCallingHandlers" ".rs.callAs" "install.packages" 
".Call" "f" "doTryCatch" "tryCatchOne" "tryCatchList" "tryCatch" "withCallingHandlers" ".rs.callAs" "install.packages" 
"list.files" "<Anonymous>" 
"lapply" "sapply" ".rs.recordTraceback" "<Anonymous>" "stop" "value[[3]]" "tryCatchOne" "tryCatchList" "tryCatch" "getNamespace" "asNamespace" "getExportedValue" "::" 
"grepl" ".rs.hasPythonStackTrace" "FUN" "lapply" ".rs.recordTraceback" "<Anonymous>" "stop" "value[[3]]" "tryCatchOne" "tryCatchList" "tryCatch" "getNamespace" "asNamespace" "getExportedValue" "::" 
"dynGet" "loadNamespace" "doTryCatch" "tryCatchOne" "tryCatchList" "tryCatch" "getNamespace" "asNamespace" "getExportedValue" "::" 
"c" "%in%" "deparse" "mode" "%in%" "deparse" ".rs.isSourceCall" "FUN" "lapply" ".rs.recordTraceback" "<Anonymous>" "stop" "value[[3]]" "tryCatchOne" "tryCatchList" "tryCatch" "getNamespace" "asNamespace" "getExportedValue" "::" 
"<Anonymous>" "[[.data.frame" "[[" "$.data.frame" "$" "doTryCatch" "tryCatchOne" "tryCatchList" "tryCatch" "base::try" 
"ls" "FUN" "lapply" ".rs.objectsOnSearchPath" ".rs.getCompletionsSearchPath" "Reduce" "<Anonymous>" 
"ls" "FUN" "lapply" ".rs.objectsOnSearchPath" ".rs.getCompletionsSearchPath" "Reduce" "<Anonymous>" 
".Call" ".rs.packageNameForSourceFile" "<Anonymous>" 
"h" "tryInline" "cmpCall" "cmp" "h" "tryInline" "cmpCall" "cmp" "h" "tryInline" "cmpCall" "cmp" "h" "tryInline" "cmpCall" "cmp" "cmpForBody" "h" "tryInline" "cmpCall" "cmp" "h" "tryInline" "cmpCall" "cmp" "genCode" "cb$putconst" "cmpCallArgs" "cmpCallSymFun" "cmpCall" "cmp" "h" "tryInline" "cmpCall" "cmp" "h" "tryInline" "cmpCall" "cmp" "h" "tryInline" "cmpCall" "cmp" "genCode" "cmpfun" "doTryCatch" "tryCatchOne" "tryCatchList" "tryCatch" "compiler:::tryCmpfun" ".rs.getCompletionsActivePackage" ".rs.appendCompletions" "<Anonymous>" 
".Call" ".rs.getSourceIndexCompletions" ".rs.getCompletionsActivePackage" ".rs.appendCompletions" "<Anonymous>" 
"objects" ".rs.getHelpFromObject" ".rs.getHelpFunction" "<Anonymous>" 
"::" "formals" "as.list" ".rs.getHelpFromObject" ".rs.getHelpFunction" "<Anonymous>" 
"::" "formals" "as.list" ".rs.getHelpFromObject" ".rs.getHelpFunction" "<Anonymous>" 
"::" "formals" "as.list" ".rs.getHelpFromObject" ".rs.getHelpFunction" "<Anonymous>" 
"::" "formals" "as.list" ".rs.getHelpFromObject" ".rs.getHelpFunction" "<Anonymous>" 
"isBaseNamespace" "getExportedValue" "::" "do.call" "doTryCatch" "tryCatchOne" "tryCatchList" "tryCatch" ".rs.getHelpFromObject" ".rs.getHelpFunction" "<Anonymous>" 
".rs.getFunctionArgumentNames" "doTryCatch" "tryCatchOne" "tryCatchList" "tryCatch" ".rs.resolveFormals" ".rs.getCompletionsFunction" ".rs.appendCompletions" ".rs.getRCompletions" ".rs.appendCompletions" "<Anonymous>" 
"ls" "FUN" "lapply" ".rs.objectsOnSearchPath" ".rs.getCompletionsSearchPath" "Reduce" "<Anonymous>" 
"nchar" ".rs.startsWith" ".rs.fuzzyMatches" ".rs.getCompletionsSearchPath" "Reduce" "<Anonymous>" 
"readRDS" "tools:::httpd" "withCallingHandlers" "suppressWarnings" ".rs.getHelp" ".rs.getHelpFunction" "<Anonymous>" 
"psub" "htmlify" "isBlankLineRd" "addParaBreaks" "writeLines" "writeLinesUTF8" "of1" "writeBlock" "writeContent" "writeContent" "writeSection" "Rd2HTML" "tools:::httpd" "withCallingHandlers" "suppressWarnings" ".rs.getHelp" ".rs.getHelpFunction" "<Anonymous>" 
"readRDS" "available.packages" ".rs.onAvailablePackagesStale" ".rs.availablePackages" "<Anonymous>" 
"readRDS" "available.packages" ".rs.onAvailablePackagesStale" ".rs.availablePackages" "<Anonymous>" 
"readRDS" "available.packages" ".rs.onAvailablePackagesStale" ".rs.availablePackages" "<Anonymous>" 
"readRDS" "available.packages" ".rs.onAvailablePackagesStale" ".rs.availablePackages" "<Anonymous>" 
"readRDS" "available.packages" ".rs.onAvailablePackagesStale" ".rs.availablePackages" "<Anonymous>" 
"readRDS" "available.packages" ".rs.onAvailablePackagesStale" ".rs.availablePackages" "<Anonymous>" 
"cbind" "available.packages" ".rs.onAvailablePackagesStale" ".rs.availablePackages" "<Anonymous>" 
"strsplit" "lapply" "f" "available.packages" ".rs.onAvailablePackagesStale" ".rs.availablePackages" "<Anonymous>" 
"strsplit" "lapply" "f" "available.packages" ".rs.onAvailablePackagesStale" ".rs.availablePackages" "<Anonymous>" 
"lapply" "f" "available.packages" ".rs.onAvailablePackagesStale" ".rs.availablePackages" "<Anonymous>" 
"grepl" "FUN" "lapply" "f" "available.packages" ".rs.onAvailablePackagesStale" ".rs.availablePackages" "<Anonymous>" 
"FUN" "lapply" "f" "available.packages" ".rs.onAvailablePackagesStale" ".rs.availablePackages" "<Anonymous>" 
"FUN" "lapply" "f" "available.packages" ".rs.onAvailablePackagesStale" ".rs.availablePackages" "<Anonymous>" 
"lapply" "f" "available.packages" ".rs.onAvailablePackagesStale" ".rs.availablePackages" "<Anonymous>" 
"grepl" "FUN" "lapply" "f" "available.packages" ".rs.onAvailablePackagesStale" ".rs.availablePackages" "<Anonymous>" 
"grepl" "FUN" "lapply" "f" "available.packages" ".rs.onAvailablePackagesStale" ".rs.availablePackages" "<Anonymous>" 
"factor" "as.factor" "split.default" "split" "f" "available.packages" ".rs.onAvailablePackagesStale" ".rs.availablePackages" "<Anonymous>" 
"unlist" "structure" "c.numeric_version" "c" "c" "is.numeric_version" ".encode_numeric_version" "split" "Ops.numeric_version" ">=" "do.call" "f" "available.packages" ".rs.onAvailablePackagesStale" ".rs.availablePackages" "<Anonymous>" 
"lapply" ".encode_numeric_version" "split" "Ops.numeric_version" ">=" "do.call" "f" "available.packages" ".rs.onAvailablePackagesStale" ".rs.availablePackages" "<Anonymous>" 
".encode_numeric_version" "split" "Ops.numeric_version" ">=" "do.call" "f" "available.packages" ".rs.onAvailablePackagesStale" ".rs.availablePackages" "<Anonymous>" 
"vapply" ".encode_numeric_version" "split" "Ops.numeric_version" ">=" "do.call" "f" "available.packages" ".rs.onAvailablePackagesStale" ".rs.availablePackages" "<Anonymous>" 
"paste0" "strlpad" "paste" "FUN" "vapply" ".encode_numeric_version" "split" "Ops.numeric_version" ">=" "do.call" "f" "available.packages" ".rs.onAvailablePackagesStale" ".rs.availablePackages" "<Anonymous>" 
"paste" "FUN" "vapply" ".encode_numeric_version" "split" "Ops.numeric_version" ">=" "do.call" "f" "available.packages" ".rs.onAvailablePackagesStale" ".rs.availablePackages" "<Anonymous>" 
"strrep" "paste0" "strrpad" ".encode_numeric_version" "split" "Ops.numeric_version" ">=" "do.call" "f" "available.packages" ".rs.onAvailablePackagesStale" ".rs.availablePackages" "<Anonymous>" 
"f" "available.packages" ".rs.onAvailablePackagesStale" ".rs.availablePackages" "<Anonymous>" 
"strsplit" "unlist" "srcfilecopy" "parse" "withCallingHandlers" "doTryCatch" "tryCatchOne" "tryCatchList" "tryCatch" ".rs.tryCatch" ".rs.discoverPackageDependencies" "<Anonymous>" 
"handleColonCall" "fn" ".rs.recursiveWalk" ".rs.recursiveWalk" ".rs.recursiveWalk" ".rs.recursiveWalk" ".rs.recursiveWalk" ".rs.recursiveWalk" ".rs.recursiveWalk" ".rs.discoverPackageDependencies" "<Anonymous>" 
"handleRequireNamespaceCall" "fn" ".rs.recursiveWalk" ".rs.recursiveWalk" ".rs.recursiveWalk" ".rs.recursiveWalk" ".rs.recursiveWalk" ".rs.recursiveWalk" ".rs.recursiveWalk" ".rs.recursiveWalk" ".rs.recursiveWalk" ".rs.discoverPackageDependencies" "<Anonymous>" 
"sub" "strsplit" "unlist" "srcfilecopy" "parse" "withCallingHandlers" "doTryCatch" "tryCatchOne" "tryCatchList" "tryCatch" ".rs.tryCatch" ".rs.discoverPackageDependencies" "<Anonymous>" 
"parse" "withCallingHandlers" "doTryCatch" "tryCatchOne" "tryCatchList" "tryCatch" ".rs.tryCatch" ".rs.discoverPackageDependencies" "<Anonymous>" 
"fn" ".rs.recursiveWalk" ".rs.recursiveWalk" ".rs.recursiveWalk" ".rs.recursiveWalk" ".rs.recursiveWalk" ".rs.recursiveWalk" ".rs.recursiveWalk" ".rs.recursiveWalk" ".rs.recursiveWalk" ".rs.recursiveWalk" ".rs.discoverPackageDependencies" "<Anonymous>" 
"handleLibraryRequireCall" "fn" ".rs.recursiveWalk" ".rs.recursiveWalk" ".rs.recursiveWalk" ".rs.discoverPackageDependencies" "<Anonymous>" 
"handleColonCall" "fn" ".rs.recursiveWalk" ".rs.recursiveWalk" ".rs.recursiveWalk" ".rs.recursiveWalk" ".rs.recursiveWalk" ".rs.recursiveWalk" ".rs.recursiveWalk" ".rs.recursiveWalk" ".rs.recursiveWalk" ".rs.recursiveWalk" ".rs.recursiveWalk" ".rs.discoverPackageDependencies" "<Anonymous>" 
"handleRequireNamespaceCall" "fn" ".rs